============================= test session starts ==============================
platform darwin -- Python 3.14.7, pytest-9.1.1, pluggy-1.6.0 -- /Users/zhouchenyi/Library/Application Support/Doubao/sandbox_runtime/bases/98670218a5f0d8bc9b9ebf3f70881304/bin/python3
cachedir: .pytest_cache
被测源码目录: /Users/zhouchenyi/Desktop/软件测试/Software_Testing/clone-code-snippets-predictor-SourceCode
code_halstead_extract.py SHA256=2a5ee20eec6e057bef8898c6f4faf9a0f9a4ce9095c3f92433f2c81d4f87b2ac
Extract_HalsteadMetrics.py SHA256=5e1d50a1bc6ce70c054e3241955841fab12e822a97a0eae11aa8dcab9447852b
rootdir: /Users/zhouchenyi/Desktop/软件测试/Software_Testing/clone-code-snippets-predictor-SourceCode
collecting ... collected 26 items

Test_Module2/tests/test_extract_metrics.py::test_ex_001_read_source_file PASSED [  3%]
Test_Module2/tests/test_extract_metrics.py::test_ex_002_missing_workbook PASSED [  7%]
Test_Module2/tests/test_extract_metrics.py::test_ex_003_missing_sheet PASSED [ 11%]
Test_Module2/tests/test_extract_metrics.py::test_ex_004_save_metrics_and_verify PASSED [ 15%]
Test_Module2/tests/test_extract_metrics.py::test_ex_005_save_creates_missing_workbook FAILED [ 19%]
Test_Module2/tests/test_halstead_metrics.py::test_hm_001_empty_file PASSED [ 23%]
Test_Module2/tests/test_halstead_metrics.py::test_hm_002_declaration_only PASSED [ 26%]
Test_Module2/tests/test_halstead_metrics.py::test_hm_003_integer_literal_excluded PASSED [ 30%]
Test_Module2/tests/test_halstead_metrics.py::test_hm_004_float_literal_excluded FAILED [ 34%]
Test_Module2/tests/test_halstead_metrics.py::test_hm_005_hex_literal_excluded FAILED [ 38%]
Test_Module2/tests/test_halstead_metrics.py::test_hm_006_long_operator_priority PASSED [ 42%]
Test_Module2/tests/test_halstead_metrics.py::test_hm_007_string_literal_excluded PASSED [ 46%]
Test_Module2/tests/test_halstead_metrics.py::test_hm_008_char_literal_excluded FAILED [ 50%]
Test_Module2/tests/test_halstead_metrics.py::test_hm_009_line_comment_removed PASSED [ 53%]
Test_Module2/tests/test_halstead_metrics.py::test_hm_010_block_comment_removed PASSED [ 57%]
Test_Module2/tests/test_halstead_metrics.py::test_hm_011_include_removed PASSED [ 61%]
Test_Module2/tests/test_halstead_metrics.py::test_hm_012_single_line_macro_removed PASSED [ 65%]
Test_Module2/tests/test_halstead_metrics.py::test_hm_013_multiline_macro_removed FAILED [ 69%]
Test_Module2/tests/test_halstead_metrics.py::test_hm_014_html_escape_unescaped FAILED [ 73%]
Test_Module2/tests/test_halstead_metrics.py::test_hm_015_control_keywords PASSED [ 76%]
Test_Module2/tests/test_halstead_metrics.py::test_hm_016_declaration_keyword_whole FAILED [ 80%]
Test_Module2/tests/test_halstead_metrics.py::test_hm_017_line_range_inclusive PASSED [ 84%]
Test_Module2/tests/test_halstead_metrics.py::test_hm_018_line_range_out_of_bounds PASSED [ 88%]
Test_Module2/tests/test_halstead_metrics.py::test_hm_019_whole_file_without_lines PASSED [ 92%]
Test_Module2/tests/test_halstead_metrics.py::test_hm_020_zero_start_line_boundary FAILED [ 96%]
Test_Module2/tests/test_halstead_metrics.py::test_hm_021_missing_file_returns_none PASSED [100%]

=================================== FAILURES ===================================
__________________ test_ex_005_save_creates_missing_workbook ___________________
Test_Module2/tests/test_extract_metrics.py:71: in test_ex_005_save_creates_missing_workbook
    assert os.path.exists(target)
E   AssertionError: assert False
E    +  where False = <function exists at 0x10409a560>('/private/var/folders/nn/vxjh34d11656y5bj3gxlm1n80000gn/T/pytest-of-zhouchenyi/pytest-3/test_ex_005_save_creates_missi0/brand_new.xlsx')
E    +    where <function exists at 0x10409a560> = <module 'posixpath' (frozen)>.exists
E    +      where <module 'posixpath' (frozen)> = <module 'os' (frozen)>.path
----------------------------- Captured stdout call -----------------------------
Error saving metrics to Excel: [Errno 2] No such file or directory: '/private/var/folders/nn/vxjh34d11656y5bj3gxlm1n80000gn/T/pytest-of-zhouchenyi/pytest-3/test_ex_005_save_creates_missi0/brand_new.xlsx'
______________________ test_hm_004_float_literal_excluded ______________________
Test_Module2/tests/test_halstead_metrics.py:46: in test_hm_004_float_literal_excluded
    assert "3.14" not in r["operands"]
E   AssertionError: assert '3.14' not in {'uble': 1, 'x': 1, '3.14': 1}
_______________________ test_hm_005_hex_literal_excluded _______________________
Test_Module2/tests/test_halstead_metrics.py:53: in test_hm_005_hex_literal_excluded
    assert "x1F" not in r["operands"]
E   AssertionError: assert 'x1F' not in {'x': 1, 'x1F': 1}
______________________ test_hm_008_char_literal_excluded _______________________
Test_Module2/tests/test_halstead_metrics.py:78: in test_hm_008_char_literal_excluded
    assert "CHAR_LITERAL" not in r["operands"]
E   AssertionError: assert 'CHAR_LITERAL' not in {'c': 1, 'CHAR_LITERAL': 1}
_____________________ test_hm_013_multiline_macro_removed ______________________
Test_Module2/tests/test_halstead_metrics.py:124: in test_hm_013_multiline_macro_removed
    assert "a" not in r["operands"]
E   AssertionError: assert 'a' not in {'a': 1, 'b': 1, 'x': 1}
______________________ test_hm_014_html_escape_unescaped _______________________
Test_Module2/tests/test_halstead_metrics.py:134: in test_hm_014_html_escape_unescaped
    assert "lt" not in r["operands"]
E   AssertionError: assert 'lt' not in {'a': 1, 'b': 1, 'lt': 1, 'c': 1, ...}
____________________ test_hm_016_declaration_keyword_whole _____________________
Test_Module2/tests/test_halstead_metrics.py:152: in test_hm_016_declaration_keyword_whole
    assert "do" not in r["operators"]
E   AssertionError: assert 'do' not in {'do': 1, '=': 1}
_____________________ test_hm_020_zero_start_line_boundary _____________________
Test_Module2/tests/test_halstead_metrics.py:183: in test_hm_020_zero_start_line_boundary
    assert r["operands"] != {"a": 1, "b": 1}
E   AssertionError: assert {'a': 1, 'b': 1} != {'a': 1, 'b': 1}
- generated xml file: /Users/zhouchenyi/Desktop/软件测试/Software_Testing/clone-code-snippets-predictor-SourceCode/Test_Module2/test-results/run-01/results.xml -
=========================== short test summary info ============================
FAILED Test_Module2/tests/test_extract_metrics.py::test_ex_005_save_creates_missing_workbook
FAILED Test_Module2/tests/test_halstead_metrics.py::test_hm_004_float_literal_excluded
FAILED Test_Module2/tests/test_halstead_metrics.py::test_hm_005_hex_literal_excluded
FAILED Test_Module2/tests/test_halstead_metrics.py::test_hm_008_char_literal_excluded
FAILED Test_Module2/tests/test_halstead_metrics.py::test_hm_013_multiline_macro_removed
FAILED Test_Module2/tests/test_halstead_metrics.py::test_hm_014_html_escape_unescaped
FAILED Test_Module2/tests/test_halstead_metrics.py::test_hm_016_declaration_keyword_whole
FAILED Test_Module2/tests/test_halstead_metrics.py::test_hm_020_zero_start_line_boundary
========================= 8 failed, 18 passed in 0.13s =========================
