<?xml version="1.0" encoding="utf-8"?><testsuites name="pytest tests"><testsuite name="pytest" errors="0" failures="8" skipped="0" tests="26" time="0.123" timestamp="2026-09-22T17:45:09.842824+08:00" hostname="zhouchenyideMacBook-Air.local"><testcase classname="Test_Module2.tests.test_extract_metrics" name="test_ex_001_read_source_file" time="0.063"><properties><property name="case_id" value="CCP-M2-EX-001" /></properties></testcase><testcase classname="Test_Module2.tests.test_extract_metrics" name="test_ex_002_missing_workbook" time="0.000"><properties><property name="case_id" value="CCP-M2-EX-002" /></properties></testcase><testcase classname="Test_Module2.tests.test_extract_metrics" name="test_ex_003_missing_sheet" time="0.003"><properties><property name="case_id" value="CCP-M2-EX-003" /></properties></testcase><testcase classname="Test_Module2.tests.test_extract_metrics" name="test_ex_004_save_metrics_and_verify" time="0.008"><properties><property name="case_id" value="CCP-M2-EX-004" /></properties></testcase><testcase classname="Test_Module2.tests.test_extract_metrics" name="test_ex_005_save_creates_missing_workbook" time="0.001"><properties><property name="case_id" value="CCP-M2-EX-005" /></properties><failure message="AssertionError: assert False&#10; +  where False = &lt;function exists at 0x10409a560&gt;('/private/var/folders/nn/vxjh34d11656y5bj3gxlm1n80000gn/T/pytest-of-zhouchenyi/pytest-3/test_ex_005_save_creates_missi0/brand_new.xlsx')&#10; +    where &lt;function exists at 0x10409a560&gt; = &lt;module 'posixpath' (frozen)&gt;.exists&#10; +      where &lt;module 'posixpath' (frozen)&gt; = &lt;module 'os' (frozen)&gt;.path">Test_Module2/tests/test_extract_metrics.py:71: in test_ex_005_save_creates_missing_workbook
    assert os.path.exists(target)
E   AssertionError: assert False
E    +  where False = &lt;function exists at 0x10409a560&gt;('/private/var/folders/nn/vxjh34d11656y5bj3gxlm1n80000gn/T/pytest-of-zhouchenyi/pytest-3/test_ex_005_save_creates_missi0/brand_new.xlsx')
E    +    where &lt;function exists at 0x10409a560&gt; = &lt;module 'posixpath' (frozen)&gt;.exists
E    +      where &lt;module 'posixpath' (frozen)&gt; = &lt;module 'os' (frozen)&gt;.path</failure></testcase><testcase classname="Test_Module2.tests.test_halstead_metrics" name="test_hm_001_empty_file" time="0.001"><properties><property name="case_id" value="CCP-M2-HM-001" /></properties></testcase><testcase classname="Test_Module2.tests.test_halstead_metrics" name="test_hm_002_declaration_only" time="0.000"><properties><property name="case_id" value="CCP-M2-HM-002" /></properties></testcase><testcase classname="Test_Module2.tests.test_halstead_metrics" name="test_hm_003_integer_literal_excluded" time="0.000"><properties><property name="case_id" value="CCP-M2-HM-003" /></properties></testcase><testcase classname="Test_Module2.tests.test_halstead_metrics" name="test_hm_004_float_literal_excluded" time="0.000"><properties><property name="case_id" value="CCP-M2-HM-004" /></properties><failure message="AssertionError: assert '3.14' not in {'uble': 1, 'x': 1, '3.14': 1}">Test_Module2/tests/test_halstead_metrics.py:46: in test_hm_004_float_literal_excluded
    assert "3.14" not in r["operands"]
E   AssertionError: assert '3.14' not in {'uble': 1, 'x': 1, '3.14': 1}</failure></testcase><testcase classname="Test_Module2.tests.test_halstead_metrics" name="test_hm_005_hex_literal_excluded" time="0.001"><properties><property name="case_id" value="CCP-M2-HM-005" /></properties><failure message="AssertionError: assert 'x1F' not in {'x': 1, 'x1F': 1}">Test_Module2/tests/test_halstead_metrics.py:53: in test_hm_005_hex_literal_excluded
    assert "x1F" not in r["operands"]
E   AssertionError: assert 'x1F' not in {'x': 1, 'x1F': 1}</failure></testcase><testcase classname="Test_Module2.tests.test_halstead_metrics" name="test_hm_006_long_operator_priority" time="0.000"><properties><property name="case_id" value="CCP-M2-HM-006" /></properties></testcase><testcase classname="Test_Module2.tests.test_halstead_metrics" name="test_hm_007_string_literal_excluded" time="0.000"><properties><property name="case_id" value="CCP-M2-HM-007" /></properties></testcase><testcase classname="Test_Module2.tests.test_halstead_metrics" name="test_hm_008_char_literal_excluded" time="0.000"><properties><property name="case_id" value="CCP-M2-HM-008" /></properties><failure message="AssertionError: assert 'CHAR_LITERAL' not in {'c': 1, 'CHAR_LITERAL': 1}">Test_Module2/tests/test_halstead_metrics.py:78: in test_hm_008_char_literal_excluded
    assert "CHAR_LITERAL" not in r["operands"]
E   AssertionError: assert 'CHAR_LITERAL' not in {'c': 1, 'CHAR_LITERAL': 1}</failure></testcase><testcase classname="Test_Module2.tests.test_halstead_metrics" name="test_hm_009_line_comment_removed" time="0.000"><properties><property name="case_id" value="CCP-M2-HM-009" /></properties></testcase><testcase classname="Test_Module2.tests.test_halstead_metrics" name="test_hm_010_block_comment_removed" time="0.000"><properties><property name="case_id" value="CCP-M2-HM-010" /></properties></testcase><testcase classname="Test_Module2.tests.test_halstead_metrics" name="test_hm_011_include_removed" time="0.001"><properties><property name="case_id" value="CCP-M2-HM-011" /></properties></testcase><testcase classname="Test_Module2.tests.test_halstead_metrics" name="test_hm_012_single_line_macro_removed" time="0.000"><properties><property name="case_id" value="CCP-M2-HM-012" /></properties></testcase><testcase classname="Test_Module2.tests.test_halstead_metrics" name="test_hm_013_multiline_macro_removed" time="0.000"><properties><property name="case_id" value="CCP-M2-HM-013" /></properties><failure message="AssertionError: assert 'a' not in {'a': 1, 'b': 1, 'x': 1}">Test_Module2/tests/test_halstead_metrics.py:124: in test_hm_013_multiline_macro_removed
    assert "a" not in r["operands"]
E   AssertionError: assert 'a' not in {'a': 1, 'b': 1, 'x': 1}</failure></testcase><testcase classname="Test_Module2.tests.test_halstead_metrics" name="test_hm_014_html_escape_unescaped" time="0.000"><properties><property name="case_id" value="CCP-M2-HM-014" /></properties><failure message="AssertionError: assert 'lt' not in {'a': 1, 'b': 1, 'lt': 1, 'c': 1, ...}">Test_Module2/tests/test_halstead_metrics.py:134: in test_hm_014_html_escape_unescaped
    assert "lt" not in r["operands"]
E   AssertionError: assert 'lt' not in {'a': 1, 'b': 1, 'lt': 1, 'c': 1, ...}</failure></testcase><testcase classname="Test_Module2.tests.test_halstead_metrics" name="test_hm_015_control_keywords" time="0.000"><properties><property name="case_id" value="CCP-M2-HM-015" /></properties></testcase><testcase classname="Test_Module2.tests.test_halstead_metrics" name="test_hm_016_declaration_keyword_whole" time="0.000"><properties><property name="case_id" value="CCP-M2-HM-016" /></properties><failure message="AssertionError: assert 'do' not in {'do': 1, '=': 1}">Test_Module2/tests/test_halstead_metrics.py:152: in test_hm_016_declaration_keyword_whole
    assert "do" not in r["operators"]
E   AssertionError: assert 'do' not in {'do': 1, '=': 1}</failure></testcase><testcase classname="Test_Module2.tests.test_halstead_metrics" name="test_hm_017_line_range_inclusive" time="0.000"><properties><property name="case_id" value="CCP-M2-HM-017" /></properties></testcase><testcase classname="Test_Module2.tests.test_halstead_metrics" name="test_hm_018_line_range_out_of_bounds" time="0.000"><properties><property name="case_id" value="CCP-M2-HM-018" /></properties></testcase><testcase classname="Test_Module2.tests.test_halstead_metrics" name="test_hm_019_whole_file_without_lines" time="0.000"><properties><property name="case_id" value="CCP-M2-HM-019" /></properties></testcase><testcase classname="Test_Module2.tests.test_halstead_metrics" name="test_hm_020_zero_start_line_boundary" time="0.000"><properties><property name="case_id" value="CCP-M2-HM-020" /></properties><failure message="AssertionError: assert {'a': 1, 'b': 1} != {'a': 1, 'b': 1}">Test_Module2/tests/test_halstead_metrics.py:183: in test_hm_020_zero_start_line_boundary
    assert r["operands"] != {"a": 1, "b": 1}
E   AssertionError: assert {'a': 1, 'b': 1} != {'a': 1, 'b': 1}</failure></testcase><testcase classname="Test_Module2.tests.test_halstead_metrics" name="test_hm_021_missing_file_returns_none" time="0.000"><properties><property name="case_id" value="CCP-M2-HM-021" /></properties></testcase></testsuite></testsuites>